\BOOKMARK [0][-]{chapter.1}{\376\377\000E\000x\000e\000c\000u\000t\000i\000v\000e\000\040\000S\000u\000m\000m\000a\000r\000y}{}% 1
\BOOKMARK [0][-]{chapter.2}{\376\377\000I\000n\000t\000r\000o\000d\000u\000c\000t\000i\000o\000n\000\040\000\046\000\040\000P\000r\000o\000b\000l\000e\000m\000\040\000S\000t\000a\000t\000e\000m\000e\000n\000t}{}% 2
\BOOKMARK [1][-]{section.2.1}{\376\377\000B\000a\000c\000k\000g\000r\000o\000u\000n\000d}{chapter.2}% 3
\BOOKMARK [1][-]{section.2.2}{\376\377\000P\000r\000o\000b\000l\000e\000m\000\040\000S\000t\000a\000t\000e\000m\000e\000n\000t}{chapter.2}% 4
\BOOKMARK [2][-]{subsection.2.2.1}{\376\377\000C\000h\000a\000l\000l\000e\000n\000g\000e\000\040\0001\000:\000\040\000S\000l\000o\000w\000\040\000D\000e\000s\000i\000g\000n\000\040\000I\000t\000e\000r\000a\000t\000i\000o\000n}{section.2.2}% 5
\BOOKMARK [2][-]{subsection.2.2.2}{\376\377\000C\000h\000a\000l\000l\000e\000n\000g\000e\000\040\0002\000:\000\040\000L\000a\000c\000k\000\040\000o\000f\000\040\000S\000c\000a\000l\000a\000b\000l\000e\000\040\000C\000u\000s\000t\000o\000m\000i\000z\000a\000t\000i\000o\000n}{section.2.2}% 6
\BOOKMARK [2][-]{subsection.2.2.3}{\376\377\000C\000h\000a\000l\000l\000e\000n\000g\000e\000\040\0003\000:\000\040\000Q\000u\000a\000l\000i\000t\000y\000\040\000A\000s\000s\000u\000r\000a\000n\000c\000e}{section.2.2}% 7
\BOOKMARK [1][-]{section.2.3}{\376\377\000P\000r\000o\000p\000o\000s\000e\000d\000\040\000S\000o\000l\000u\000t\000i\000o\000n}{chapter.2}% 8
\BOOKMARK [1][-]{section.2.4}{\376\377\000A\000c\000a\000d\000e\000m\000i\000c\000\040\000S\000i\000g\000n\000i\000f\000i\000c\000a\000n\000c\000e}{chapter.2}% 9
\BOOKMARK [0][-]{chapter.3}{\376\377\000S\000y\000s\000t\000e\000m\000\040\000A\000r\000c\000h\000i\000t\000e\000c\000t\000u\000r\000e}{}% 10
\BOOKMARK [1][-]{section.3.1}{\376\377\000H\000i\000g\000h\000-\000L\000e\000v\000e\000l\000\040\000S\000y\000s\000t\000e\000m\000\040\000D\000e\000s\000i\000g\000n}{chapter.3}% 11
\BOOKMARK [1][-]{section.3.2}{\376\377\000P\000r\000o\000j\000e\000c\000t\000\040\000D\000i\000r\000e\000c\000t\000o\000r\000y\000\040\000S\000t\000r\000u\000c\000t\000u\000r\000e}{chapter.3}% 12
\BOOKMARK [1][-]{section.3.3}{\376\377\000D\000a\000t\000a\000\040\000F\000l\000o\000w}{chapter.3}% 13
\BOOKMARK [0][-]{chapter.4}{\376\377\000D\000a\000t\000a\000\040\000P\000i\000p\000e\000l\000i\000n\000e}{}% 14
\BOOKMARK [1][-]{section.4.1}{\376\377\000D\000a\000t\000a\000s\000e\000t\000:\000\040\000D\000e\000s\000c\000r\000i\000b\000a\000b\000l\000e\000\040\000T\000e\000x\000t\000u\000r\000e\000s\000\040\000\050\000D\000T\000D\000\051}{chapter.4}% 15
\BOOKMARK [2][-]{subsection.4.1.1}{\376\377\000D\000a\000t\000a\000s\000e\000t\000\040\000C\000h\000a\000r\000a\000c\000t\000e\000r\000i\000s\000t\000i\000c\000s}{section.4.1}% 16
\BOOKMARK [2][-]{subsection.4.1.2}{\376\377\000C\000a\000t\000e\000g\000o\000r\000y\000\040\000D\000i\000s\000t\000r\000i\000b\000u\000t\000i\000o\000n}{section.4.1}% 17
\BOOKMARK [1][-]{section.4.2}{\376\377\000D\000a\000t\000a\000\040\000P\000r\000e\000p\000a\000r\000a\000t\000i\000o\000n\000\040\000P\000i\000p\000e\000l\000i\000n\000e}{chapter.4}% 18
\BOOKMARK [2][-]{subsection.4.2.1}{\376\377\000L\000o\000a\000d\000i\000n\000g\000\040\000\046\000\040\000N\000o\000r\000m\000a\000l\000i\000z\000a\000t\000i\000o\000n}{section.4.2}% 19
\BOOKMARK [2][-]{subsection.4.2.2}{\376\377\000D\000a\000t\000a\000\040\000A\000u\000g\000m\000e\000n\000t\000a\000t\000i\000o\000n}{section.4.2}% 20
\BOOKMARK [2][-]{subsection.4.2.3}{\376\377\000T\000r\000a\000i\000n\000-\000V\000a\000l\000-\000T\000e\000s\000t\000\040\000S\000p\000l\000i\000t}{section.4.2}% 21
\BOOKMARK [1][-]{section.4.3}{\376\377\000D\000a\000t\000a\000\040\000V\000e\000r\000s\000i\000o\000n\000i\000n\000g\000\040\000\046\000\040\000V\000a\000l\000i\000d\000a\000t\000i\000o\000n}{chapter.4}% 22
\BOOKMARK [2][-]{subsection.4.3.1}{\376\377\000M\000e\000t\000a\000d\000a\000t\000a\000\040\000T\000r\000a\000c\000k\000i\000n\000g}{section.4.3}% 23
\BOOKMARK [2][-]{subsection.4.3.2}{\376\377\000D\000a\000t\000a\000\040\000Q\000u\000a\000l\000i\000t\000y\000\040\000V\000a\000l\000i\000d\000a\000t\000i\000o\000n}{section.4.3}% 24
\BOOKMARK [1][-]{section.4.4}{\376\377\000D\000a\000t\000a\000L\000o\000a\000d\000e\000r\000\040\000C\000o\000n\000f\000i\000g\000u\000r\000a\000t\000i\000o\000n}{chapter.4}% 25
\BOOKMARK [0][-]{chapter.5}{\376\377\000M\000o\000d\000e\000l\000\040\000A\000r\000c\000h\000i\000t\000e\000c\000t\000u\000r\000e\000s}{}% 26
\BOOKMARK [1][-]{section.5.1}{\376\377\000M\000o\000d\000e\000l\000\040\000O\000v\000e\000r\000v\000i\000e\000w}{chapter.5}% 27
\BOOKMARK [1][-]{section.5.2}{\376\377\0001\000.\000\040\000V\000a\000r\000i\000a\000t\000i\000o\000n\000a\000l\000\040\000A\000u\000t\000o\000e\000n\000c\000o\000d\000e\000r\000\040\000\050\000V\000A\000E\000\051}{chapter.5}% 28
\BOOKMARK [2][-]{subsection.5.2.1}{\376\377\000A\000r\000c\000h\000i\000t\000e\000c\000t\000u\000r\000e\000\040\000O\000v\000e\000r\000v\000i\000e\000w}{section.5.2}% 29
\BOOKMARK [2][-]{subsection.5.2.2}{\376\377\000I\000m\000p\000l\000e\000m\000e\000n\000t\000a\000t\000i\000o\000n\000\040\000D\000e\000t\000a\000i\000l\000s}{section.5.2}% 30
\BOOKMARK [2][-]{subsection.5.2.3}{\376\377\000K\000e\000y\000\040\000C\000o\000m\000p\000o\000n\000e\000n\000t\000s}{section.5.2}% 31
\BOOKMARK [1][-]{section.5.3}{\376\377\0002\000.\000\040\000D\000e\000e\000p\000\040\000C\000o\000n\000v\000o\000l\000u\000t\000i\000o\000n\000a\000l\000\040\000G\000A\000N\000\040\000\050\000D\000C\000G\000A\000N\000\051}{chapter.5}% 32
\BOOKMARK [2][-]{subsection.5.3.1}{\376\377\000A\000r\000c\000h\000i\000t\000e\000c\000t\000u\000r\000e}{section.5.3}% 33
\BOOKMARK [2][-]{subsection.5.3.2}{\376\377\000I\000m\000p\000l\000e\000m\000e\000n\000t\000a\000t\000i\000o\000n}{section.5.3}% 34
\BOOKMARK [1][-]{section.5.4}{\376\377\0003\000.\000\040\000W\000a\000s\000s\000e\000r\000s\000t\000e\000i\000n\000\040\000G\000A\000N\000\040\000w\000i\000t\000h\000\040\000G\000r\000a\000d\000i\000e\000n\000t\000\040\000P\000e\000n\000a\000l\000t\000y\000\040\000\050\000W\000G\000A\000N\000-\000G\000P\000\051}{chapter.5}% 35
\BOOKMARK [2][-]{subsection.5.4.1}{\376\377\000T\000h\000e\000o\000r\000e\000t\000i\000c\000a\000l\000\040\000M\000o\000t\000i\000v\000a\000t\000i\000o\000n}{section.5.4}% 36
\BOOKMARK [2][-]{subsection.5.4.2}{\376\377\000L\000o\000s\000s\000\040\000F\000u\000n\000c\000t\000i\000o\000n}{section.5.4}% 37
\BOOKMARK [2][-]{subsection.5.4.3}{\376\377\000I\000m\000p\000l\000e\000m\000e\000n\000t\000a\000t\000i\000o\000n}{section.5.4}% 38
\BOOKMARK [1][-]{section.5.5}{\376\377\0004\000.\000\040\000C\000o\000n\000d\000i\000t\000i\000o\000n\000a\000l\000\040\000G\000A\000N\000\040\000\050\000c\000G\000A\000N\000\051}{chapter.5}% 39
\BOOKMARK [2][-]{subsection.5.5.1}{\376\377\000A\000r\000c\000h\000i\000t\000e\000c\000t\000u\000r\000e}{section.5.5}% 40
\BOOKMARK [2][-]{subsection.5.5.2}{\376\377\000I\000m\000p\000l\000e\000m\000e\000n\000t\000a\000t\000i\000o\000n}{section.5.5}% 41
\BOOKMARK [1][-]{section.5.6}{\376\377\0005\000.\000\040\000L\000a\000t\000e\000n\000t\000\040\000D\000i\000f\000f\000u\000s\000i\000o\000n\000\040\000T\000r\000a\000n\000s\000f\000o\000r\000m\000e\000r\000\040\000\050\000D\000i\000T\000\051}{chapter.5}% 42
\BOOKMARK [2][-]{subsection.5.6.1}{\376\377\000C\000o\000n\000c\000e\000p\000t}{section.5.6}% 43
\BOOKMARK [2][-]{subsection.5.6.2}{\376\377\000T\000r\000a\000i\000n\000i\000n\000g\000\040\000O\000b\000j\000e\000c\000t\000i\000v\000e}{section.5.6}% 44
\BOOKMARK [1][-]{section.5.7}{\376\377\0006\000.\000\040\000C\000V\000A\000E\000-\000G\000A\000N\000\040\000F\000u\000s\000i\000o\000n}{chapter.5}% 45
\BOOKMARK [2][-]{subsection.5.7.1}{\376\377\000H\000y\000b\000r\000i\000d\000\040\000A\000p\000p\000r\000o\000a\000c\000h}{section.5.7}% 46
\BOOKMARK [0][-]{chapter.6}{\376\377\000T\000r\000a\000i\000n\000i\000n\000g\000\040\000P\000r\000o\000c\000e\000d\000u\000r\000e\000s}{}% 47
\BOOKMARK [1][-]{section.6.1}{\376\377\000H\000y\000p\000e\000r\000p\000a\000r\000a\000m\000e\000t\000e\000r\000s}{chapter.6}% 48
\BOOKMARK [1][-]{section.6.2}{\376\377\000M\000o\000d\000e\000l\000-\000S\000p\000e\000c\000i\000f\000i\000c\000\040\000T\000r\000a\000i\000n\000i\000n\000g}{chapter.6}% 49
\BOOKMARK [2][-]{subsection.6.2.1}{\376\377\000V\000A\000E\000\040\000T\000r\000a\000i\000n\000i\000n\000g}{section.6.2}% 50
\BOOKMARK [2][-]{subsection.6.2.2}{\376\377\000G\000A\000N\000\040\000T\000r\000a\000i\000n\000i\000n\000g}{section.6.2}% 51
\BOOKMARK [1][-]{section.6.3}{\376\377\000L\000e\000a\000r\000n\000i\000n\000g\000\040\000R\000a\000t\000e\000\040\000S\000c\000h\000e\000d\000u\000l\000e\000s}{chapter.6}% 52
\BOOKMARK [2][-]{subsection.6.3.1}{\376\377\000C\000o\000s\000i\000n\000e\000\040\000A\000n\000n\000e\000a\000l\000i\000n\000g\000\040\000w\000i\000t\000h\000\040\000W\000a\000r\000m\000\040\000R\000e\000s\000t\000a\000r\000t\000s}{section.6.3}% 53
\BOOKMARK [2][-]{subsection.6.3.2}{\376\377\000I\000m\000p\000l\000e\000m\000e\000n\000t\000a\000t\000i\000o\000n}{section.6.3}% 54
\BOOKMARK [1][-]{section.6.4}{\376\377\000S\000t\000a\000b\000i\000l\000i\000t\000y\000\040\000I\000m\000p\000r\000o\000v\000e\000m\000e\000n\000t\000s}{chapter.6}% 55
\BOOKMARK [2][-]{subsection.6.4.1}{\376\377\000M\000i\000x\000e\000d\000-\000P\000r\000e\000c\000i\000s\000i\000o\000n\000\040\000T\000r\000a\000i\000n\000i\000n\000g}{section.6.4}% 56
\BOOKMARK [2][-]{subsection.6.4.2}{\376\377\000G\000r\000a\000d\000i\000e\000n\000t\000\040\000C\000l\000i\000p\000p\000i\000n\000g}{section.6.4}% 57
\BOOKMARK [1][-]{section.6.5}{\376\377\000C\000h\000e\000c\000k\000p\000o\000i\000n\000t\000i\000n\000g\000\040\000\046\000\040\000E\000a\000r\000l\000y\000\040\000S\000t\000o\000p\000p\000i\000n\000g}{chapter.6}% 58
\BOOKMARK [0][-]{chapter.7}{\376\377\000E\000v\000a\000l\000u\000a\000t\000i\000o\000n\000\040\000\046\000\040\000M\000e\000t\000r\000i\000c\000s}{}% 59
\BOOKMARK [1][-]{section.7.1}{\376\377\000E\000v\000a\000l\000u\000a\000t\000i\000o\000n\000\040\000F\000r\000a\000m\000e\000w\000o\000r\000k}{chapter.7}% 60
\BOOKMARK [2][-]{subsection.7.1.1}{\376\377\000F\000r\000\351\000c\000h\000e\000t\000\040\000I\000n\000c\000e\000p\000t\000i\000o\000n\000\040\000D\000i\000s\000t\000a\000n\000c\000e\000\040\000\050\000F\000I\000D\000\051}{section.7.1}% 61
\BOOKMARK [2][-]{subsection.7.1.2}{\376\377\000I\000n\000c\000e\000p\000t\000i\000o\000n\000\040\000S\000c\000o\000r\000e\000\040\000\050\000I\000S\000\051}{section.7.1}% 62
\BOOKMARK [2][-]{subsection.7.1.3}{\376\377\000S\000t\000r\000u\000c\000t\000u\000r\000a\000l\000\040\000S\000i\000m\000i\000l\000a\000r\000i\000t\000y\000\040\000\050\000S\000S\000I\000M\000\051}{section.7.1}% 63
\BOOKMARK [1][-]{section.7.2}{\376\377\000E\000v\000a\000l\000u\000a\000t\000i\000o\000n\000\040\000R\000e\000s\000u\000l\000t\000s}{chapter.7}% 64
\BOOKMARK [2][-]{subsection.7.2.1}{\376\377\000C\000o\000m\000p\000a\000r\000a\000t\000i\000v\000e\000\040\000M\000o\000d\000e\000l\000\040\000P\000e\000r\000f\000o\000r\000m\000a\000n\000c\000e}{section.7.2}% 65
\BOOKMARK [2][-]{subsection.7.2.2}{\376\377\000Q\000u\000a\000l\000i\000t\000a\000t\000i\000v\000e\000\040\000R\000e\000s\000u\000l\000t\000s}{section.7.2}% 66
\BOOKMARK [2][-]{subsection.7.2.3}{\376\377\000T\000r\000a\000i\000n\000i\000n\000g\000\040\000C\000o\000n\000v\000e\000r\000g\000e\000n\000c\000e}{section.7.2}% 67
\BOOKMARK [0][-]{chapter.8}{\376\377\000I\000n\000f\000r\000a\000s\000t\000r\000u\000c\000t\000u\000r\000e\000\040\000\046\000\040\000D\000e\000p\000l\000o\000y\000m\000e\000n\000t}{}% 68
\BOOKMARK [1][-]{section.8.1}{\376\377\000C\000o\000m\000p\000u\000t\000e\000\040\000I\000n\000f\000r\000a\000s\000t\000r\000u\000c\000t\000u\000r\000e}{chapter.8}% 69
\BOOKMARK [2][-]{subsection.8.1.1}{\376\377\000D\000e\000v\000e\000l\000o\000p\000m\000e\000n\000t\000\040\000S\000e\000t\000u\000p}{section.8.1}% 70
\BOOKMARK [2][-]{subsection.8.1.2}{\376\377\000V\000R\000A\000M\000\040\000O\000p\000t\000i\000m\000i\000z\000a\000t\000i\000o\000n}{section.8.1}% 71
\BOOKMARK [1][-]{section.8.2}{\376\377\000M\000o\000d\000e\000l\000\040\000P\000a\000c\000k\000a\000g\000i\000n\000g}{chapter.8}% 72
\BOOKMARK [2][-]{subsection.8.2.1}{\376\377\000C\000h\000e\000c\000k\000p\000o\000i\000n\000t\000\040\000F\000o\000r\000m\000a\000t}{section.8.2}% 73
\BOOKMARK [2][-]{subsection.8.2.2}{\376\377\000M\000o\000d\000e\000l\000\040\000L\000o\000a\000d\000i\000n\000g}{section.8.2}% 74
\BOOKMARK [1][-]{section.8.3}{\376\377\000C\000o\000n\000t\000a\000i\000n\000e\000r\000i\000z\000a\000t\000i\000o\000n}{chapter.8}% 75
\BOOKMARK [2][-]{subsection.8.3.1}{\376\377\000D\000o\000c\000k\000e\000r\000f\000i\000l\000e}{section.8.3}% 76
\BOOKMARK [1][-]{section.8.4}{\376\377\000W\000e\000b\000\040\000D\000e\000p\000l\000o\000y\000m\000e\000n\000t}{chapter.8}% 77
\BOOKMARK [2][-]{subsection.8.4.1}{\376\377\000F\000l\000a\000s\000k\000\040\000R\000E\000S\000T\000\040\000A\000P\000I}{section.8.4}% 78
\BOOKMARK [2][-]{subsection.8.4.2}{\376\377\000H\000u\000g\000g\000i\000n\000g\000\040\000F\000a\000c\000e\000\040\000S\000p\000a\000c\000e\000s\000\040\000D\000e\000p\000l\000o\000y\000m\000e\000n\000t}{section.8.4}% 79
\BOOKMARK [1][-]{section.8.5}{\376\377\000C\000o\000n\000t\000i\000n\000u\000o\000u\000s\000\040\000I\000n\000t\000e\000g\000r\000a\000t\000i\000o\000n\000/\000D\000e\000p\000l\000o\000y\000m\000e\000n\000t}{chapter.8}% 80
\BOOKMARK [2][-]{subsection.8.5.1}{\376\377\000G\000i\000t\000H\000u\000b\000\040\000A\000c\000t\000i\000o\000n\000s\000\040\000W\000o\000r\000k\000f\000l\000o\000w}{section.8.5}% 81
\BOOKMARK [1][-]{section.8.6}{\376\377\000M\000o\000n\000i\000t\000o\000r\000i\000n\000g\000\040\000\046\000\040\000L\000o\000g\000g\000i\000n\000g}{chapter.8}% 82
\BOOKMARK [2][-]{subsection.8.6.1}{\376\377\000T\000e\000n\000s\000o\000r\000B\000o\000a\000r\000d\000\040\000I\000n\000t\000e\000g\000r\000a\000t\000i\000o\000n}{section.8.6}% 83
\BOOKMARK [0][-]{chapter.9}{\376\377\000P\000r\000o\000j\000e\000c\000t\000\040\000R\000u\000b\000r\000i\000c\000s\000\040\000C\000o\000m\000p\000l\000i\000a\000n\000c\000e\000\040\000A\000s\000s\000e\000s\000s\000m\000e\000n\000t}{}% 84
\BOOKMARK [1][-]{section.9.1}{\376\377\000R\000U\000B\000R\000I\000C\000\040\0001\000:\000\040\000D\000A\000T\000A}{chapter.9}% 85
\BOOKMARK [2][-]{subsection.9.1.1}{\376\377\000C\000o\000l\000l\000e\000c\000t\000i\000o\000n\000,\000\040\000L\000a\000b\000e\000l\000i\000n\000g\000,\000\040\000V\000a\000l\000i\000d\000a\000t\000i\000o\000n}{section.9.1}% 86
\BOOKMARK [2][-]{subsection.9.1.2}{\376\377\000D\000e\000t\000a\000i\000l\000e\000d\000\040\000E\000v\000i\000d\000e\000n\000c\000e}{section.9.1}% 87
\BOOKMARK [1][-]{section.9.2}{\376\377\000R\000U\000B\000R\000I\000C\000\040\0002\000:\000\040\000M\000O\000D\000E\000L}{chapter.9}% 88
\BOOKMARK [2][-]{subsection.9.2.1}{\376\377\000A\000r\000c\000h\000i\000t\000e\000c\000t\000u\000r\000e\000,\000\040\000H\000y\000p\000e\000r\000p\000a\000r\000a\000m\000e\000t\000e\000r\000s\000,\000\040\000T\000r\000a\000i\000n\000i\000n\000g}{section.9.2}% 89
\BOOKMARK [2][-]{subsection.9.2.2}{\376\377\000D\000e\000t\000a\000i\000l\000e\000d\000\040\000E\000v\000i\000d\000e\000n\000c\000e}{section.9.2}% 90
\BOOKMARK [1][-]{section.9.3}{\376\377\000R\000U\000B\000R\000I\000C\000\040\0003\000:\000\040\000C\000O\000D\000E}{chapter.9}% 91
\BOOKMARK [2][-]{subsection.9.3.1}{\376\377\000T\000r\000a\000i\000n\000i\000n\000g\000\040\000S\000c\000r\000i\000p\000t\000s\000,\000\040\000I\000n\000f\000e\000r\000e\000n\000c\000e\000\040\000S\000e\000r\000v\000e\000r\000s\000,\000\040\000G\000l\000u\000e\000\040\000C\000o\000d\000e}{section.9.3}% 92
\BOOKMARK [2][-]{subsection.9.3.2}{\376\377\000C\000o\000d\000e\000\040\000S\000t\000r\000u\000c\000t\000u\000r\000e}{section.9.3}% 93
\BOOKMARK [1][-]{section.9.4}{\376\377\000R\000U\000B\000R\000I\000C\000\040\0004\000:\000\040\000I\000N\000F\000R\000A\000S\000T\000R\000U\000C\000T\000U\000R\000E}{chapter.9}% 94
\BOOKMARK [2][-]{subsection.9.4.1}{\376\377\000C\000o\000m\000p\000u\000t\000e\000,\000\040\000O\000r\000c\000h\000e\000s\000t\000r\000a\000t\000i\000o\000n\000,\000\040\000N\000e\000t\000w\000o\000r\000k\000i\000n\000g\000,\000\040\000S\000t\000o\000r\000a\000g\000e}{section.9.4}% 95
\BOOKMARK [2][-]{subsection.9.4.2}{\376\377\000I\000n\000f\000r\000a\000s\000t\000r\000u\000c\000t\000u\000r\000e\000\040\000S\000t\000a\000c\000k}{section.9.4}% 96
\BOOKMARK [1][-]{section.9.5}{\376\377\000R\000u\000b\000r\000i\000c\000s\000\040\000S\000u\000m\000m\000a\000r\000y}{chapter.9}% 97
\BOOKMARK [0][-]{chapter.10}{\376\377\000C\000o\000n\000c\000l\000u\000s\000i\000o\000n\000\040\000\046\000\040\000F\000u\000t\000u\000r\000e\000\040\000W\000o\000r\000k}{}% 98
\BOOKMARK [1][-]{section.10.1}{\376\377\000P\000r\000o\000j\000e\000c\000t\000\040\000S\000u\000m\000m\000a\000r\000y}{chapter.10}% 99
\BOOKMARK [1][-]{section.10.2}{\376\377\000K\000e\000y\000\040\000T\000e\000c\000h\000n\000i\000c\000a\000l\000\040\000A\000c\000h\000i\000e\000v\000e\000m\000e\000n\000t\000s}{chapter.10}% 100
\BOOKMARK [2][-]{subsection.10.2.1}{\376\377\000M\000o\000d\000e\000l\000\040\000P\000e\000r\000f\000o\000r\000m\000a\000n\000c\000e}{section.10.2}% 101
\BOOKMARK [2][-]{subsection.10.2.2}{\376\377\000C\000o\000d\000e\000\040\000Q\000u\000a\000l\000i\000t\000y}{section.10.2}% 102
\BOOKMARK [1][-]{section.10.3}{\376\377\000F\000u\000t\000u\000r\000e\000\040\000R\000e\000s\000e\000a\000r\000c\000h\000\040\000D\000i\000r\000e\000c\000t\000i\000o\000n\000s}{chapter.10}% 103
\BOOKMARK [2][-]{subsection.10.3.1}{\376\377\000S\000h\000o\000r\000t\000-\000t\000e\000r\000m\000\040\000E\000n\000h\000a\000n\000c\000e\000m\000e\000n\000t\000s}{section.10.3}% 104
\BOOKMARK [2][-]{subsection.10.3.2}{\376\377\000L\000o\000n\000g\000-\000t\000e\000r\000m\000\040\000D\000i\000r\000e\000c\000t\000i\000o\000n\000s}{section.10.3}% 105
\BOOKMARK [1][-]{section.10.4}{\376\377\000L\000e\000s\000s\000o\000n\000s\000\040\000L\000e\000a\000r\000n\000e\000d}{chapter.10}% 106
\BOOKMARK [2][-]{subsection.10.4.1}{\376\377\000T\000e\000c\000h\000n\000i\000c\000a\000l\000\040\000I\000n\000s\000i\000g\000h\000t\000s}{section.10.4}% 107
\BOOKMARK [2][-]{subsection.10.4.2}{\376\377\000S\000o\000f\000t\000w\000a\000r\000e\000\040\000E\000n\000g\000i\000n\000e\000e\000r\000i\000n\000g}{section.10.4}% 108
\BOOKMARK [1][-]{section.10.5}{\376\377\000I\000m\000p\000a\000c\000t}{chapter.10}% 109
\BOOKMARK [1][-]{section.10.6}{\376\377\000F\000i\000n\000a\000l\000\040\000R\000e\000m\000a\000r\000k\000s}{chapter.10}% 110
